[debug] [2025-04-24T13:59:55.035Z] ----------------------------------------------------------------------
[debug] [2025-04-24T13:59:55.043Z] Command:       C:\Program Files\nodejs\node.exe C:\Users\banchong\projects\SE\GitHubActionPractice\node_modules\firebase-tools\lib\bin\firebase.js init hosting
[debug] [2025-04-24T13:59:55.044Z] CLI Version:   14.2.1
[debug] [2025-04-24T13:59:55.045Z] Platform:      win32
[debug] [2025-04-24T13:59:55.045Z] Node Version:  v20.17.0
[debug] [2025-04-24T13:59:55.045Z] Time:          Thu Apr 24 2025 20:59:55 GMT+0700 (เวลาอินโดจีน)
[debug] [2025-04-24T13:59:55.046Z] ----------------------------------------------------------------------
[debug] 
[debug] [2025-04-24T13:59:55.437Z] > command requires scopes: ["email","openid","https://www.googleapis.com/auth/cloudplatformprojects.readonly","https://www.googleapis.com/auth/firebase","https://www.googleapis.com/auth/cloud-platform"]
[debug] [2025-04-24T13:59:55.437Z] > authorizing via signed-in user (6733118821@student.chula.ac.th)
[info] 
     ######## #### ########  ######## ########     ###     ######  ########
     ##        ##  ##     ## ##       ##     ##  ##   ##  ##       ##
     ######    ##  ########  ######   ########  #########  ######  ######
     ##        ##  ##    ##  ##       ##     ## ##     ##       ## ##
     ##       #### ##     ## ######## ########  ##     ##  ######  ########

You're about to initialize a Firebase project in this directory:

  C:\Users\banchong\projects\SE\GitHubActionPractice

Before we get started, keep in mind:

  * You are initializing within an existing Firebase project directory

[info] 
=== Project Setup
[info] 
[info] First, let's associate this project directory with a Firebase project.
[info] You can create multiple project aliases by running firebase use --add, 
[info] but for now we'll just set up a default project.
[info] 
[debug] [2025-04-24T14:00:04.469Z] Using project from CLI flag: fireship-lessons
[debug] [2025-04-24T14:00:04.473Z] Checked if tokens are valid: true, expires at: 1745506752643
[debug] [2025-04-24T14:00:04.473Z] Checked if tokens are valid: true, expires at: 1745506752643
[debug] [2025-04-24T14:00:04.478Z] >>> [apiv2][query] GET https://firebase.googleapis.com/v1beta1/projects/fireship-lessons [none]
[debug] [2025-04-24T14:00:05.023Z] <<< [apiv2][status] GET https://firebase.googleapis.com/v1beta1/projects/fireship-lessons 403
[debug] [2025-04-24T14:00:05.024Z] <<< [apiv2][body] GET https://firebase.googleapis.com/v1beta1/projects/fireship-lessons {"error":{"code":403,"message":"The caller does not have permission","status":"PERMISSION_DENIED"}}
[debug] [2025-04-24T14:00:05.026Z] Request to https://firebase.googleapis.com/v1beta1/projects/fireship-lessons had HTTP Error: 403, The caller does not have permission
[debug] [2025-04-24T14:00:05.161Z] FirebaseError: Request to https://firebase.googleapis.com/v1beta1/projects/fireship-lessons had HTTP Error: 403, The caller does not have permission
    at responseToError (C:\Users\banchong\projects\SE\GitHubActionPractice\node_modules\firebase-tools\lib\responseToError.js:52:12)
    at RetryOperation._fn (C:\Users\banchong\projects\SE\GitHubActionPractice\node_modules\firebase-tools\lib\apiv2.js:312:77)
    at process.processTicksAndRejections (node:internal/process/task_queues:95:5)
[error] 
[error] Error: Failed to get Firebase project fireship-lessons. Please make sure the project exists and your account has permission to access it.
[debug] [2025-04-24T14:00:18.549Z] ----------------------------------------------------------------------
[debug] [2025-04-24T14:00:18.557Z] Command:       C:\Program Files\nodejs\node.exe C:\Users\banchong\projects\SE\GitHubActionPractice\node_modules\firebase-tools\lib\bin\firebase.js init hosting
[debug] [2025-04-24T14:00:18.558Z] CLI Version:   14.2.1
[debug] [2025-04-24T14:00:18.558Z] Platform:      win32
[debug] [2025-04-24T14:00:18.559Z] Node Version:  v20.17.0
[debug] [2025-04-24T14:00:18.559Z] Time:          Thu Apr 24 2025 21:00:18 GMT+0700 (เวลาอินโดจีน)
[debug] [2025-04-24T14:00:18.559Z] ----------------------------------------------------------------------
[debug] 
[debug] [2025-04-24T14:00:18.920Z] > command requires scopes: ["email","openid","https://www.googleapis.com/auth/cloudplatformprojects.readonly","https://www.googleapis.com/auth/firebase","https://www.googleapis.com/auth/cloud-platform"]
[debug] [2025-04-24T14:00:18.921Z] > authorizing via signed-in user (6733118821@student.chula.ac.th)
[info] 
     ######## #### ########  ######## ########     ###     ######  ########
     ##        ##  ##     ## ##       ##     ##  ##   ##  ##       ##
     ######    ##  ########  ######   ########  #########  ######  ######
     ##        ##  ##    ##  ##       ##     ## ##     ##       ## ##
     ##       #### ##     ## ######## ########  ##     ##  ######  ########

You're about to initialize a Firebase project in this directory:

  C:\Users\banchong\projects\SE\GitHubActionPractice

Before we get started, keep in mind:

  * You are initializing within an existing Firebase project directory

[info] 
=== Project Setup
[info] 
[info] First, let's associate this project directory with a Firebase project.
[info] You can create multiple project aliases by running firebase use --add, 
[info] but for now we'll just set up a default project.
[info] 
[debug] [2025-04-24T14:01:28.732Z] Using project from CLI flag: fireship-lessons
[debug] [2025-04-24T14:01:28.739Z] Checked if tokens are valid: true, expires at: 1745506752643
[debug] [2025-04-24T14:01:28.740Z] Checked if tokens are valid: true, expires at: 1745506752643
[debug] [2025-04-24T14:01:28.746Z] >>> [apiv2][query] GET https://firebase.googleapis.com/v1beta1/projects/fireship-lessons [none]
[debug] [2025-04-24T14:01:29.620Z] <<< [apiv2][status] GET https://firebase.googleapis.com/v1beta1/projects/fireship-lessons 403
[debug] [2025-04-24T14:01:29.621Z] <<< [apiv2][body] GET https://firebase.googleapis.com/v1beta1/projects/fireship-lessons {"error":{"code":403,"message":"The caller does not have permission","status":"PERMISSION_DENIED"}}
[debug] [2025-04-24T14:01:29.624Z] Request to https://firebase.googleapis.com/v1beta1/projects/fireship-lessons had HTTP Error: 403, The caller does not have permission
[debug] [2025-04-24T14:01:29.753Z] FirebaseError: Request to https://firebase.googleapis.com/v1beta1/projects/fireship-lessons had HTTP Error: 403, The caller does not have permission
    at responseToError (C:\Users\banchong\projects\SE\GitHubActionPractice\node_modules\firebase-tools\lib\responseToError.js:52:12)
    at RetryOperation._fn (C:\Users\banchong\projects\SE\GitHubActionPractice\node_modules\firebase-tools\lib\apiv2.js:312:77)
    at process.processTicksAndRejections (node:internal/process/task_queues:95:5)
[error] 
[error] Error: Failed to get Firebase project fireship-lessons. Please make sure the project exists and your account has permission to access it.
